[INFO ] 2022-06-08 11:26:48.192 [main] Log - Successfully started
[INFO ] 2022-06-08 11:26:52.398 [main] Log - Started successfully
[INFO ] 2022-06-08 11:27:08.165 [main] Log - Verifying page title
[INFO ] 2022-06-08 11:27:08.176 [main] Log - Allocation Engine
[INFO ] 2022-06-08 11:27:08.535 [main] Log - Successfully started
[INFO ] 2022-06-08 11:27:08.538 [main] Log - Verifying Open Pods tab
[INFO ] 2022-06-08 11:27:11.237 [main] Log - Verifying Closed Pods tab
[INFO ] 2022-06-08 11:27:11.642 [main] Log - Screenshot saved
[INFO ] 2022-06-08 11:29:54.917 [main] Log - Successfully started
[INFO ] 2022-06-08 11:29:59.263 [main] Log - Started successfully
[INFO ] 2022-06-08 11:30:14.726 [main] Log - Verifying page title
[INFO ] 2022-06-08 11:30:14.770 [main] Log - Allocation Engine
[INFO ] 2022-06-08 11:30:15.358 [main] Log - Successfully started
[INFO ] 2022-06-08 11:30:15.360 [main] Log - Verifying Open Pods tab
[INFO ] 2022-06-08 11:30:17.760 [main] Log - Verifying Closed Pods tab
[INFO ] 2022-06-08 11:30:18.146 [main] Log - Screenshot saved
[INFO ] 2022-06-08 11:40:06.730 [main] Log - Successfully started
[INFO ] 2022-06-08 11:40:12.663 [main] Log - Started successfully
[INFO ] 2022-06-08 11:40:29.136 [main] Log - Verifying page title
[INFO ] 2022-06-08 11:40:29.147 [main] Log - Allocation Engine
[INFO ] 2022-06-08 11:40:29.360 [main] Log - Successfully started
[INFO ] 2022-06-08 11:40:29.361 [main] Log - Verifying Open Pods tab
[INFO ] 2022-06-08 11:40:32.282 [main] Log - Verifying Closed Pods tab
[INFO ] 2022-06-08 11:40:32.315 [main] Log - Verifying Upcoming Pods tab
[INFO ] 2022-06-08 11:40:32.345 [main] Log - Checking Most recently updated pod is displayed
[INFO ] 2022-06-08 11:40:33.576 [main] Log - Most recent pod Name
[INFO ] 2022-06-08 12:04:09.291 [main] Log - Successfully started
[INFO ] 2022-06-08 12:04:13.754 [main] Log - Started successfully
[INFO ] 2022-06-08 12:04:30.617 [main] Log - Verifying page title
[INFO ] 2022-06-08 12:04:30.631 [main] Log - Allocation Engine
[INFO ] 2022-06-08 12:04:30.883 [main] Log - Successfully started
[INFO ] 2022-06-08 12:04:30.885 [main] Log - Check AO is able to see and toggle between the 2 Tabs - Allocations , My Nominations in the AE
[INFO ] 2022-06-08 12:04:32.995 [main] Log - Screenshot saved
[INFO ] 2022-06-08 12:05:56.535 [main] Log - Check AO is able to see and toggle between the 2 Tabs - Allocations , My Nominations in the AE
[INFO ] 2022-06-08 12:06:22.697 [main] Log - Successfully started
[INFO ] 2022-06-08 12:06:28.419 [main] Log - Started successfully
[INFO ] 2022-06-08 12:06:48.739 [main] Log - Verifying page title
[INFO ] 2022-06-08 12:06:50.427 [main] Log - Allocation Engine
[INFO ] 2022-06-08 12:06:50.658 [main] Log - Successfully started
[INFO ] 2022-06-08 12:06:50.660 [main] Log - Check AO is able to see and toggle between the 2 Tabs - Allocations , My Nominations in the AE
[INFO ] 2022-06-08 12:06:54.557 [main] Log - Screenshot saved
[INFO ] 2022-06-08 12:09:40.205 [main] Log - Successfully started
[INFO ] 2022-06-08 12:09:44.744 [main] Log - Started successfully
[INFO ] 2022-06-08 12:10:00.480 [main] Log - Verifying page title
[INFO ] 2022-06-08 12:10:00.491 [main] Log - Allocation Engine
[INFO ] 2022-06-08 12:10:00.706 [main] Log - Successfully started
[INFO ] 2022-06-08 12:10:00.709 [main] Log - Check AO is able to see and toggle between the 2 Tabs - Allocations , My Nominations in the AE
[INFO ] 2022-06-08 12:10:03.065 [main] Log - Screenshot saved
[INFO ] 2022-06-08 12:14:23.492 [main] Log - Successfully started
[INFO ] 2022-06-08 12:14:28.247 [main] Log - Started successfully
[INFO ] 2022-06-08 12:14:44.179 [main] Log - Verifying page title
[INFO ] 2022-06-08 12:14:44.190 [main] Log - Allocation Engine
[INFO ] 2022-06-08 12:14:44.403 [main] Log - Successfully started
[INFO ] 2022-06-08 12:14:44.404 [main] Log - Check AO is able to see and toggle between the 2 Tabs - Allocations , My Nominations in the AE
[INFO ] 2022-06-08 12:14:47.899 [main] Log - Screenshot saved
[INFO ] 2022-06-08 12:15:54.769 [main] Log - Successfully started
[INFO ] 2022-06-08 12:16:00.448 [main] Log - Started successfully
[INFO ] 2022-06-08 12:16:16.505 [main] Log - Verifying page title
[INFO ] 2022-06-08 12:16:16.516 [main] Log - Allocation Engine
[INFO ] 2022-06-08 12:16:16.790 [main] Log - Successfully started
[INFO ] 2022-06-08 12:16:16.793 [main] Log - Check AO is able to see and toggle between the 2 Tabs - Allocations , My Nominations in the AE
[INFO ] 2022-06-08 12:16:20.285 [main] Log - Screenshot saved
[INFO ] 2022-06-08 12:23:39.538 [main] Log - Successfully started
[INFO ] 2022-06-08 12:23:44.086 [main] Log - Started successfully
[INFO ] 2022-06-08 12:23:59.846 [main] Log - Verifying page title
[INFO ] 2022-06-08 12:23:59.857 [main] Log - Allocation Engine
[INFO ] 2022-06-08 12:24:00.122 [main] Log - Successfully started
[INFO ] 2022-06-08 12:24:00.124 [main] Log - Check AO is able to see and toggle between the 2 Tabs - Allocations , My Nominations in the AE
[INFO ] 2022-06-08 12:24:02.519 [main] Log - Screenshot saved
[INFO ] 2022-06-08 12:26:15.606 [main] Log - Successfully started
[INFO ] 2022-06-08 12:26:20.470 [main] Log - Started successfully
[INFO ] 2022-06-08 12:26:36.128 [main] Log - Verifying page title
[INFO ] 2022-06-08 12:26:38.608 [main] Log - Allocation Engine
[INFO ] 2022-06-08 12:26:38.929 [main] Log - Successfully started
[INFO ] 2022-06-08 12:26:38.931 [main] Log - Check AO is able to see and toggle between the 2 Tabs - Allocations , My Nominations in the AE
[INFO ] 2022-06-08 12:26:42.564 [main] Log - Screenshot saved
[INFO ] 2022-06-08 12:29:44.039 [main] Log - Successfully started
[INFO ] 2022-06-08 12:29:48.775 [main] Log - Started successfully
[INFO ] 2022-06-08 12:30:05.463 [main] Log - Verifying page title
[INFO ] 2022-06-08 12:30:05.474 [main] Log - Allocation Engine
[INFO ] 2022-06-08 12:30:05.683 [main] Log - Successfully started
[INFO ] 2022-06-08 12:30:05.684 [main] Log - Check AO is able to see and toggle between the 2 Tabs - Allocations , My Nominations in the AE
[INFO ] 2022-06-08 12:31:11.855 [main] Log - Successfully started
[INFO ] 2022-06-08 12:31:17.056 [main] Log - Started successfully
[INFO ] 2022-06-08 12:31:33.963 [main] Log - Verifying page title
[INFO ] 2022-06-08 12:31:33.974 [main] Log - Allocation Engine
[INFO ] 2022-06-08 12:31:34.193 [main] Log - Successfully started
[INFO ] 2022-06-08 12:31:34.195 [main] Log - Check AO is able to see and toggle between the 2 Tabs - Allocations , My Nominations in the AE
[INFO ] 2022-06-08 12:33:11.294 [main] Log - Successfully started
[INFO ] 2022-06-08 12:33:15.822 [main] Log - Started successfully
[INFO ] 2022-06-08 12:33:31.520 [main] Log - Verifying page title
[INFO ] 2022-06-08 12:33:31.529 [main] Log - Allocation Engine
[INFO ] 2022-06-08 12:33:31.789 [main] Log - Successfully started
[INFO ] 2022-06-08 12:33:31.791 [main] Log - Check AO is able to see and toggle between the 2 Tabs - Allocations , My Nominations in the AE
[INFO ] 2022-06-08 12:36:12.042 [main] Log - Successfully started
[INFO ] 2022-06-08 12:36:16.739 [main] Log - Started successfully
[INFO ] 2022-06-08 12:36:33.231 [main] Log - Verifying page title
[INFO ] 2022-06-08 12:36:35.074 [main] Log - Allocation Engine
[INFO ] 2022-06-08 12:36:35.468 [main] Log - Successfully started
[INFO ] 2022-06-08 12:36:35.471 [main] Log - Check AO is able to see and toggle between the 2 Tabs - Allocations , My Nominations in the AE
[INFO ] 2022-06-08 12:37:36.796 [main] Log - Successfully started
[INFO ] 2022-06-08 12:37:41.887 [main] Log - Started successfully
[INFO ] 2022-06-08 12:37:58.540 [main] Log - Verifying page title
[INFO ] 2022-06-08 12:37:58.582 [main] Log - Allocation Engine
[INFO ] 2022-06-08 12:37:58.918 [main] Log - Successfully started
[INFO ] 2022-06-08 12:37:58.920 [main] Log - Check AO is able to see and toggle between the 2 Tabs - Allocations , My Nominations in the AE
[INFO ] 2022-06-08 12:39:42.626 [main] Log - Successfully started
[INFO ] 2022-06-08 12:39:51.798 [main] Log - Started successfully
[INFO ] 2022-06-08 12:40:07.779 [main] Log - Verifying page title
[INFO ] 2022-06-08 12:40:07.799 [main] Log - Allocation Engine
[INFO ] 2022-06-08 12:40:08.059 [main] Log - Successfully started
[INFO ] 2022-06-08 12:40:08.062 [main] Log - Check AO is able to see and toggle between the 2 Tabs - Allocations , My Nominations in the AE
[INFO ] 2022-06-08 12:41:36.737 [main] Log - Successfully started
[INFO ] 2022-06-08 12:41:41.365 [main] Log - Started successfully
[INFO ] 2022-06-08 12:41:57.073 [main] Log - Verifying page title
[INFO ] 2022-06-08 12:41:57.086 [main] Log - Allocation Engine
[INFO ] 2022-06-08 12:41:57.460 [main] Log - Successfully started
[INFO ] 2022-06-08 12:41:57.462 [main] Log - Check AO is able to see and toggle between the 2 Tabs - Allocations , My Nominations in the AE
[INFO ] 2022-06-08 12:49:06.160 [main] Log - Successfully started
[INFO ] 2022-06-08 12:49:11.881 [main] Log - Started successfully
[INFO ] 2022-06-08 12:49:28.592 [main] Log - Verifying page title
[INFO ] 2022-06-08 12:49:28.603 [main] Log - Allocation Engine
[INFO ] 2022-06-08 12:49:28.824 [main] Log - Successfully started
[INFO ] 2022-06-08 12:49:28.826 [main] Log - Check AO is able to see and toggle between the 2 Tabs - Allocations , My Nominations in the AE
[INFO ] 2022-06-08 12:56:11.723 [main] Log - Successfully started
[INFO ] 2022-06-08 12:56:16.186 [main] Log - Started successfully
[INFO ] 2022-06-08 12:56:32.594 [main] Log - Verifying page title
[INFO ] 2022-06-08 12:56:32.606 [main] Log - Allocation Engine
[INFO ] 2022-06-08 12:56:32.842 [main] Log - Successfully started
[INFO ] 2022-06-08 12:56:32.844 [main] Log - Check AO is able to see and toggle between the 2 Tabs - Allocations , My Nominations in the AE
[INFO ] 2022-06-08 14:58:05.317 [main] Log - Successfully started
[INFO ] 2022-06-08 14:58:10.546 [main] Log - Started successfully
[INFO ] 2022-06-08 14:58:27.203 [main] Log - Verifying page title
[INFO ] 2022-06-08 14:58:34.460 [main] Log - Allocation Engine
[INFO ] 2022-06-08 14:58:34.988 [main] Log - Successfully started
[INFO ] 2022-06-08 14:58:34.993 [main] Log - Check AO is able to see and toggle between the 2 Tabs - Allocations , My Nominations in the AE
[INFO ] 2022-06-08 15:08:46.061 [main] Log - Successfully started
[INFO ] 2022-06-08 15:08:50.525 [main] Log - Started successfully
[INFO ] 2022-06-08 15:09:05.757 [main] Log - Verifying page title
[INFO ] 2022-06-08 15:09:05.768 [main] Log - Allocation Engine
[INFO ] 2022-06-08 15:09:09.081 [main] Log - Successfully started
[INFO ] 2022-06-08 15:09:14.097 [main] Log - Check AO is able to see and toggle between the 2 Tabs - Allocations , My Nominations in the AE
[INFO ] 2022-06-08 15:09:14.294 [main] Log - Allocations
[INFO ] 2022-06-08 15:09:14.334 [main] Log - My Nominations
[INFO ] 2022-06-08 15:10:38.291 [main] Log - Successfully started
[INFO ] 2022-06-08 15:10:42.561 [main] Log - Started successfully
[INFO ] 2022-06-08 15:10:57.573 [main] Log - Verifying page title
[INFO ] 2022-06-08 15:10:57.583 [main] Log - Allocation Engine
[INFO ] 2022-06-08 15:11:00.940 [main] Log - Successfully started
[INFO ] 2022-06-08 15:11:05.955 [main] Log - Check AO is able to see and toggle between the 2 Tabs - Allocations , My Nominations in the AE
[INFO ] 2022-06-08 15:11:06.098 [main] Log - Allocations
[INFO ] 2022-06-08 15:11:06.131 [main] Log - My Nominations
[INFO ] 2022-06-08 15:12:01.506 [main] Log - Successfully started
[INFO ] 2022-06-08 15:12:05.785 [main] Log - Started successfully
[INFO ] 2022-06-08 15:12:22.091 [main] Log - Verifying page title
[INFO ] 2022-06-08 15:12:22.334 [main] Log - Sign in to your account
[INFO ] 2022-06-08 15:12:23.045 [main] Log - Screenshot saved
[INFO ] 2022-06-08 15:12:23.046 [main] Log - Successfully started
[INFO ] 2022-06-08 15:12:28.060 [main] Log - Check AO is able to see and toggle between the 2 Tabs - Allocations , My Nominations in the AE
[INFO ] 2022-06-08 15:13:24.355 [main] Log - Successfully started
[INFO ] 2022-06-08 15:13:28.648 [main] Log - Started successfully
[INFO ] 2022-06-08 15:13:44.092 [main] Log - Verifying page title
[INFO ] 2022-06-08 15:13:44.100 [main] Log - Allocation Engine
[INFO ] 2022-06-08 15:13:47.397 [main] Log - Successfully started
[INFO ] 2022-06-08 15:13:52.413 [main] Log - Check AO is able to see and toggle between the 2 Tabs - Allocations , My Nominations in the AE
[INFO ] 2022-06-08 15:13:52.533 [main] Log - Allocations
[INFO ] 2022-06-08 15:13:52.561 [main] Log - My Nominations
[INFO ] 2022-06-08 15:14:38.311 [main] Log - Successfully started
[INFO ] 2022-06-08 15:14:42.619 [main] Log - Started successfully
[INFO ] 2022-06-08 15:14:58.219 [main] Log - Verifying page title
[INFO ] 2022-06-08 15:14:58.229 [main] Log - Allocation Engine
[INFO ] 2022-06-08 15:15:01.477 [main] Log - Successfully started
[INFO ] 2022-06-08 15:15:06.485 [main] Log - Check AO is able to see and toggle between the 2 Tabs - Allocations , My Nominations in the AE
[INFO ] 2022-06-08 15:15:06.644 [main] Log - Allocations
[INFO ] 2022-06-08 15:15:06.678 [main] Log - My Nominations
[INFO ] 2022-06-08 15:47:25.330 [main] Log - Successfully started
[INFO ] 2022-06-08 15:47:29.544 [main] Log - Started successfully
[INFO ] 2022-06-08 15:47:45.078 [main] Log - Verifying page title
[INFO ] 2022-06-08 15:47:45.335 [main] Log - Allocation Engine
[INFO ] 2022-06-08 15:47:48.526 [main] Log - Successfully started
[INFO ] 2022-06-08 15:47:48.659 [main] Log - Successfully started
[INFO ] 2022-06-08 16:23:47.077 [main] Log - Successfully started
[INFO ] 2022-06-08 16:23:51.386 [main] Log - Started successfully
[INFO ] 2022-06-08 16:24:06.425 [main] Log - Verifying page title
[INFO ] 2022-06-08 16:24:06.441 [main] Log - Allocation Engine
[INFO ] 2022-06-08 16:24:09.709 [main] Log - Successfully started
[INFO ] 2022-06-08 16:24:09.962 [main] Log - Successfully started
[INFO ] 2022-06-08 16:33:56.321 [main] Log - Successfully started
[INFO ] 2022-06-08 16:34:00.575 [main] Log - Started successfully
[INFO ] 2022-06-08 16:34:15.966 [main] Log - Verifying page title
[INFO ] 2022-06-08 16:34:15.985 [main] Log - Allocation Engine
[INFO ] 2022-06-08 16:34:19.204 [main] Log - Successfully started
[INFO ] 2022-06-08 16:34:19.355 [main] Log - Successfully started
[INFO ] 2022-06-08 16:34:20.505 [main] Log - Clicking on Nominate button
[INFO ] 2022-06-08 16:34:33.251 [main] Log - Resetting filter
[INFO ] 2022-06-08 16:34:33.282 [main] Log - Adding a Hasher
[INFO ] 2022-06-08 16:35:40.638 [main] Log - Successfully started
[INFO ] 2022-06-08 16:35:45.303 [main] Log - Started successfully
[INFO ] 2022-06-08 16:36:01.448 [main] Log - Verifying page title
[INFO ] 2022-06-08 16:36:01.455 [main] Log - Allocation Engine
[INFO ] 2022-06-08 16:36:04.645 [main] Log - Successfully started
[INFO ] 2022-06-08 16:36:04.783 [main] Log - Successfully started
[INFO ] 2022-06-08 16:36:05.722 [main] Log - Clicking on Nominate button
[INFO ] 2022-06-08 16:37:05.953 [main] Log - Screenshot saved
[INFO ] 2022-06-08 16:38:16.146 [main] Log - Successfully started
[INFO ] 2022-06-08 16:38:20.491 [main] Log - Started successfully
[INFO ] 2022-06-08 16:38:36.088 [main] Log - Verifying page title
[INFO ] 2022-06-08 16:38:36.097 [main] Log - Allocation Engine
[INFO ] 2022-06-08 16:38:39.452 [main] Log - Successfully started
[INFO ] 2022-06-08 16:38:39.627 [main] Log - Successfully started
[INFO ] 2022-06-08 16:38:40.591 [main] Log - Clicking on Nominate button
[INFO ] 2022-06-08 16:38:40.667 [main] Log - open filter
[INFO ] 2022-06-08 16:39:40.879 [main] Log - Screenshot saved
[INFO ] 2022-06-08 16:42:41.820 [main] Log - Successfully started
[INFO ] 2022-06-08 16:42:46.086 [main] Log - Started successfully
[INFO ] 2022-06-08 16:43:01.801 [main] Log - Verifying page title
[INFO ] 2022-06-08 16:43:01.869 [main] Log - Allocation Engine
[INFO ] 2022-06-08 16:43:05.068 [main] Log - Successfully started
[INFO ] 2022-06-08 16:43:05.205 [main] Log - Successfully started
[INFO ] 2022-06-08 16:43:06.242 [main] Log - Clicking on Nominate button
[INFO ] 2022-06-08 16:43:06.365 [main] Log - open filter
[INFO ] 2022-06-08 16:43:22.634 [main] Log - Resetting filter
[INFO ] 2022-06-08 16:43:22.667 [main] Log - Adding a Hasher
[INFO ] 2022-06-08 16:44:16.983 [main] Log - Successfully started
[INFO ] 2022-06-08 16:44:21.111 [main] Log - Started successfully
[INFO ] 2022-06-08 16:44:36.454 [main] Log - Verifying page title
[INFO ] 2022-06-08 16:44:36.469 [main] Log - Allocation Engine
[INFO ] 2022-06-08 16:44:39.868 [main] Log - Successfully started
[INFO ] 2022-06-08 16:44:40.155 [main] Log - Successfully started
[INFO ] 2022-06-08 16:44:41.506 [main] Log - Clicking on Nominate button
[INFO ] 2022-06-08 16:44:45.837 [main] Log - Screenshot saved
[INFO ] 2022-06-08 16:46:10.024 [main] Log - Successfully started
[INFO ] 2022-06-08 16:46:13.957 [main] Log - Started successfully
[INFO ] 2022-06-08 16:46:29.465 [main] Log - Verifying page title
[INFO ] 2022-06-08 16:46:29.479 [main] Log - Allocation Engine
[INFO ] 2022-06-08 16:46:32.773 [main] Log - Successfully started
[INFO ] 2022-06-08 16:46:32.913 [main] Log - Successfully started
[INFO ] 2022-06-08 16:46:34.359 [main] Log - Clicking on Nominate button
[INFO ] 2022-06-08 16:46:37.396 [main] Log - open filter
[INFO ] 2022-06-08 16:46:37.396 [main] Log - Resetting filter
[INFO ] 2022-06-08 16:46:37.405 [main] Log - Adding a Hasher
[INFO ] 2022-06-08 16:47:02.850 [main] Log - Successfully started
[INFO ] 2022-06-08 16:47:07.183 [main] Log - Started successfully
[INFO ] 2022-06-08 16:47:22.441 [main] Log - Verifying page title
[INFO ] 2022-06-08 16:47:22.453 [main] Log - Allocation Engine
[INFO ] 2022-06-08 16:47:25.669 [main] Log - Successfully started
[INFO ] 2022-06-08 16:47:25.827 [main] Log - Successfully started
[INFO ] 2022-06-08 16:47:26.874 [main] Log - Clicking on Nominate button
[INFO ] 2022-06-08 16:47:29.904 [main] Log - open filter
[INFO ] 2022-06-08 16:47:29.904 [main] Log - Resetting filter
[INFO ] 2022-06-08 16:47:29.916 [main] Log - Adding a Hasher
[INFO ] 2022-06-08 16:47:47.780 [main] Log - Successfully started
[INFO ] 2022-06-08 16:47:52.126 [main] Log - Started successfully
[INFO ] 2022-06-08 16:48:07.458 [main] Log - Verifying page title
[INFO ] 2022-06-08 16:48:07.473 [main] Log - Allocation Engine
[INFO ] 2022-06-08 16:48:10.656 [main] Log - Successfully started
[INFO ] 2022-06-08 16:48:10.801 [main] Log - Successfully started
[INFO ] 2022-06-08 16:48:11.771 [main] Log - Clicking on Nominate button
[INFO ] 2022-06-08 16:48:14.803 [main] Log - open filter
[INFO ] 2022-06-08 16:48:14.804 [main] Log - Resetting filter
[INFO ] 2022-06-08 16:48:14.812 [main] Log - Adding a Hasher
[INFO ] 2022-06-08 16:50:11.955 [main] Log - Successfully started
[INFO ] 2022-06-08 16:50:16.237 [main] Log - Started successfully
[INFO ] 2022-06-08 16:50:32.109 [main] Log - Verifying page title
[INFO ] 2022-06-08 16:50:32.259 [main] Log - Allocation Engine
[INFO ] 2022-06-08 16:50:35.439 [main] Log - Successfully started
[INFO ] 2022-06-08 16:50:35.590 [main] Log - Successfully started
[INFO ] 2022-06-08 16:50:37.386 [main] Log - Clicking on Nominate button
[INFO ] 2022-06-08 16:50:40.542 [main] Log - open filter
[INFO ] 2022-06-08 16:50:40.581 [main] Log - Resetting filter
[INFO ] 2022-06-08 16:50:40.626 [main] Log - Adding a Hasher
[INFO ] 2022-06-08 16:51:40.862 [main] Log - Screenshot saved
[INFO ] 2022-06-08 16:54:39.707 [main] Log - Successfully started
[INFO ] 2022-06-08 16:54:43.926 [main] Log - Started successfully
[INFO ] 2022-06-08 16:54:59.170 [main] Log - Verifying page title
[INFO ] 2022-06-08 16:54:59.180 [main] Log - Allocation Engine
[INFO ] 2022-06-08 16:55:02.375 [main] Log - Successfully started
[INFO ] 2022-06-08 16:55:02.558 [main] Log - Successfully started
[INFO ] 2022-06-08 16:55:04.958 [main] Log - Clicking on Nominate button
[INFO ] 2022-06-08 16:55:08.171 [main] Log - open filter
[INFO ] 2022-06-08 16:55:08.203 [main] Log - Resetting filter
[INFO ] 2022-06-08 16:55:08.250 [main] Log - Adding a Hasher
[INFO ] 2022-06-08 16:56:25.556 [main] Log - Successfully started
[INFO ] 2022-06-08 16:56:29.778 [main] Log - Started successfully
[INFO ] 2022-06-08 16:56:45.075 [main] Log - Verifying page title
[INFO ] 2022-06-08 16:56:47.169 [main] Log - Allocation Engine
[INFO ] 2022-06-08 16:56:50.396 [main] Log - Successfully started
[INFO ] 2022-06-08 16:56:50.727 [main] Log - Successfully started
[INFO ] 2022-06-08 16:56:52.523 [main] Log - Clicking on Nominate button
[INFO ] 2022-06-08 16:56:55.743 [main] Log - open filter
[INFO ] 2022-06-08 16:56:55.802 [main] Log - Resetting filter
[INFO ] 2022-06-08 16:56:55.853 [main] Log - Adding a Hasher
