[INFO ] 2022-06-09 11:20:05.587 [main] Log - Successfully started
[INFO ] 2022-06-09 11:20:10.305 [main] Log - Started successfully
[INFO ] 2022-06-09 11:20:27.217 [main] Log - Verifying page title
[INFO ] 2022-06-09 11:20:28.808 [main] Log - Allocation Engine
[INFO ] 2022-06-09 11:20:32.176 [main] Log - Successfully started
[INFO ] 2022-06-09 11:20:32.628 [main] Log - Successfully started
[INFO ] 2022-06-09 11:21:22.738 [main] Log - Clicking on Nominate button
[INFO ] 2022-06-09 11:21:26.164 [main] Log - open filter
[INFO ] 2022-06-09 11:21:26.244 [main] Log - Resetting filter
[INFO ] 2022-06-09 11:21:26.323 [main] Log - Adding a Hasher
[INFO ] 2022-06-09 12:13:07.784 [main] Log - Started successfully
[INFO ] 2022-06-09 12:13:25.511 [main] Log - Verifying page title
[INFO ] 2022-06-09 12:13:25.532 [main] Log - Allocation Engine
[INFO ] 2022-06-09 12:13:31.394 [main] Log - Clicking on Nominate button
[INFO ] 2022-06-09 12:13:34.648 [main] Log - open filter
[INFO ] 2022-06-09 12:13:34.711 [main] Log - Resetting filter
[INFO ] 2022-06-09 12:13:34.752 [main] Log - Adding a Hasher
[INFO ] 2022-06-09 12:15:06.145 [main] Log - Successfully started
[INFO ] 2022-06-09 12:15:10.575 [main] Log - Started successfully
[INFO ] 2022-06-09 12:15:27.072 [main] Log - Verifying page title
[INFO ] 2022-06-09 12:15:27.084 [main] Log - Allocation Engine
[INFO ] 2022-06-09 12:15:30.872 [main] Log - Successfully started
[INFO ] 2022-06-09 12:15:31.087 [main] Log - Successfully started
[INFO ] 2022-06-09 12:15:34.021 [main] Log - Clicking on Nominate button
[INFO ] 2022-06-09 12:15:47.576 [main] Log - Adding a Hasher
[INFO ] 2022-06-09 12:16:47.894 [main] Log - Screenshot saved
[INFO ] 2022-06-09 12:58:57.782 [main] Log - Successfully started
[INFO ] 2022-06-09 12:59:02.054 [main] Log - Started successfully
[INFO ] 2022-06-09 12:59:17.675 [main] Log - Verifying page title
[INFO ] 2022-06-09 12:59:17.686 [main] Log - Allocation Engine
[INFO ] 2022-06-09 12:59:20.866 [main] Log - Successfully started
[INFO ] 2022-06-09 12:59:21.021 [main] Log - Successfully started
[INFO ] 2022-06-09 13:00:22.133 [main] Log - Screenshot saved
[INFO ] 2022-06-09 13:00:57.530 [main] Log - Successfully started
[INFO ] 2022-06-09 13:01:01.774 [main] Log - Started successfully
[INFO ] 2022-06-09 13:01:17.151 [main] Log - Verifying page title
[INFO ] 2022-06-09 13:01:17.160 [main] Log - Allocation Engine
[INFO ] 2022-06-09 13:01:20.336 [main] Log - Successfully started
[INFO ] 2022-06-09 13:01:20.473 [main] Log - Successfully started
[INFO ] 2022-06-09 13:01:21.324 [main] Log - Clicking on Nominate button
[INFO ] 2022-06-09 13:01:34.593 [main] Log - Adding a Hasher
[INFO ] 2022-06-09 13:06:38.976 [main] Log - Successfully started
[INFO ] 2022-06-09 13:06:43.567 [main] Log - Started successfully
[INFO ] 2022-06-09 13:06:59.405 [main] Log - Verifying page title
[INFO ] 2022-06-09 13:06:59.419 [main] Log - Allocation Engine
[INFO ] 2022-06-09 13:07:02.644 [main] Log - Successfully started
[INFO ] 2022-06-09 13:07:02.895 [main] Log - Successfully started
[INFO ] 2022-06-09 13:07:04.608 [main] Log - Clicking on Nominate button
[INFO ] 2022-06-09 13:07:13.963 [main] Log - Adding a Hasher
[INFO ] 2022-06-09 15:45:02.159 [main] Log - Successfully started
[INFO ] 2022-06-09 15:45:07.626 [main] Log - Started successfully
[INFO ] 2022-06-09 15:45:24.556 [main] Log - Verifying page title
[INFO ] 2022-06-09 15:45:25.624 [main] Log - Allocation Engine
[INFO ] 2022-06-09 15:45:29.003 [main] Log - Successfully started
[INFO ] 2022-06-09 15:45:29.858 [main] Log - Successfully started
[INFO ] 2022-06-09 15:45:45.803 [main] Log - Screenshot saved
[INFO ] 2022-06-09 15:47:20.843 [main] Log - Successfully started
[INFO ] 2022-06-09 15:47:25.738 [main] Log - Started successfully
[INFO ] 2022-06-09 15:47:42.925 [main] Log - Verifying page title
[INFO ] 2022-06-09 15:47:42.962 [main] Log - Allocation Engine
[INFO ] 2022-06-09 15:47:46.498 [main] Log - Successfully started
[INFO ] 2022-06-09 15:47:46.807 [main] Log - Successfully started
[INFO ] 2022-06-09 15:47:48.241 [main] Log - Clicking on Nominate button
[INFO ] 2022-06-09 15:47:57.727 [main] Log - Adding a Hasher
[INFO ] 2022-06-09 15:48:00.173 [main] Log - Screenshot saved
[INFO ] 2022-06-09 15:49:21.630 [main] Log - Successfully started
[INFO ] 2022-06-09 15:49:26.071 [main] Log - Started successfully
[INFO ] 2022-06-09 15:49:42.446 [main] Log - Verifying page title
[INFO ] 2022-06-09 15:49:42.663 [main] Log - Allocation Engine
[INFO ] 2022-06-09 15:49:46.033 [main] Log - Successfully started
[INFO ] 2022-06-09 15:49:46.280 [main] Log - Successfully started
[INFO ] 2022-06-09 15:49:48.659 [main] Log - Clicking on Nominate button
[INFO ] 2022-06-09 15:49:58.347 [main] Log - Adding a Hasher
[INFO ] 2022-06-09 15:50:01.085 [main] Log - Screenshot saved
[INFO ] 2022-06-09 15:51:58.504 [main] Log - Successfully started
[INFO ] 2022-06-09 15:52:02.985 [main] Log - Started successfully
[INFO ] 2022-06-09 15:52:18.986 [main] Log - Verifying page title
[INFO ] 2022-06-09 15:52:18.998 [main] Log - Allocation Engine
[INFO ] 2022-06-09 15:52:22.722 [main] Log - Successfully started
[INFO ] 2022-06-09 15:52:23.168 [main] Log - Successfully started
[INFO ] 2022-06-09 15:53:14.089 [main] Log - Successfully started
[INFO ] 2022-06-09 15:53:18.789 [main] Log - Started successfully
[INFO ] 2022-06-09 15:53:34.993 [main] Log - Verifying page title
[INFO ] 2022-06-09 15:53:35.006 [main] Log - Allocation Engine
[INFO ] 2022-06-09 15:53:38.773 [main] Log - Successfully started
[INFO ] 2022-06-09 15:53:39.224 [main] Log - Successfully started
[INFO ] 2022-06-09 15:53:40.653 [main] Log - Clicking on Nominate button
[INFO ] 2022-06-09 15:53:46.253 [main] Log - Adding a Hasher
[INFO ] 2022-06-09 15:53:49.092 [main] Log - Screenshot saved
[INFO ] 2022-06-09 15:55:21.803 [main] Log - Successfully started
[INFO ] 2022-06-09 15:55:27.106 [main] Log - Started successfully
[INFO ] 2022-06-09 15:55:43.333 [main] Log - Verifying page title
[INFO ] 2022-06-09 15:55:43.344 [main] Log - Allocation Engine
[INFO ] 2022-06-09 15:55:46.767 [main] Log - Successfully started
[INFO ] 2022-06-09 15:55:47.143 [main] Log - Successfully started
[INFO ] 2022-06-09 15:55:48.210 [main] Log - Clicking on Nominate button
[INFO ] 2022-06-09 15:55:53.691 [main] Log - Adding a Hasher
[INFO ] 2022-06-09 15:55:59.153 [main] Log - Screenshot saved
[INFO ] 2022-06-09 15:57:09.741 [main] Log - Successfully started
[INFO ] 2022-06-09 15:57:14.634 [main] Log - Started successfully
[INFO ] 2022-06-09 15:57:30.812 [main] Log - Verifying page title
[INFO ] 2022-06-09 15:57:30.826 [main] Log - Allocation Engine
[INFO ] 2022-06-09 15:57:34.615 [main] Log - Successfully started
[INFO ] 2022-06-09 15:57:35.102 [main] Log - Successfully started
[INFO ] 2022-06-09 15:57:48.029 [main] Log - Screenshot saved
[INFO ] 2022-06-09 15:58:17.880 [main] Log - Successfully started
[INFO ] 2022-06-09 15:58:22.640 [main] Log - Started successfully
[INFO ] 2022-06-09 15:58:39.580 [main] Log - Verifying page title
[INFO ] 2022-06-09 15:58:39.591 [main] Log - Allocation Engine
[INFO ] 2022-06-09 15:58:42.935 [main] Log - Successfully started
[INFO ] 2022-06-09 15:58:43.337 [main] Log - Successfully started
[INFO ] 2022-06-09 15:58:45.507 [main] Log - Clicking on Nominate button
[INFO ] 2022-06-09 15:58:51.171 [main] Log - Adding a Hasher
[INFO ] 2022-06-09 15:59:02.377 [main] Log - Screenshot saved
[INFO ] 2022-06-09 16:06:30.452 [main] Log - Successfully started
[INFO ] 2022-06-09 16:06:34.903 [main] Log - Started successfully
[INFO ] 2022-06-09 16:06:51.795 [main] Log - Verifying page title
[INFO ] 2022-06-09 16:06:51.805 [main] Log - Allocation Engine
[INFO ] 2022-06-09 16:06:55.480 [main] Log - Successfully started
[INFO ] 2022-06-09 16:06:55.782 [main] Log - Successfully started
[INFO ] 2022-06-09 16:06:56.819 [main] Log - Clicking on Nominate button
[INFO ] 2022-06-09 16:07:02.247 [main] Log - Adding a Hasher
[INFO ] 2022-06-09 16:07:04.738 [main] Log - Screenshot saved
[INFO ] 2022-06-09 16:08:34.898 [main] Log - Successfully started
[INFO ] 2022-06-09 16:08:39.117 [main] Log - Started successfully
[INFO ] 2022-06-09 16:08:55.783 [main] Log - Verifying page title
[INFO ] 2022-06-09 16:08:55.817 [main] Log - Allocation Engine
[INFO ] 2022-06-09 16:08:59.539 [main] Log - Successfully started
[INFO ] 2022-06-09 16:08:59.873 [main] Log - Successfully started
[INFO ] 2022-06-09 16:09:01.086 [main] Log - Clicking on Nominate button
[INFO ] 2022-06-09 16:09:06.555 [main] Log - Adding a Hasher
[INFO ] 2022-06-09 16:09:08.954 [main] Log - Screenshot saved
[INFO ] 2022-06-09 16:10:47.056 [main] Log - Successfully started
[INFO ] 2022-06-09 16:10:51.496 [main] Log - Started successfully
[INFO ] 2022-06-09 16:11:07.564 [main] Log - Verifying page title
[INFO ] 2022-06-09 16:11:07.579 [main] Log - Sign in to your account
[INFO ] 2022-06-09 16:11:09.190 [main] Log - Screenshot saved
[INFO ] 2022-06-09 16:11:09.191 [main] Log - Successfully started
[INFO ] 2022-06-09 16:11:10.831 [main] Log - Successfully started
[INFO ] 2022-06-09 16:11:33.491 [main] Log - Clicking on Nominate button
[INFO ] 2022-06-09 16:11:36.238 [main] Log - Adding a Hasher
[INFO ] 2022-06-09 16:11:47.048 [main] Log - Screenshot saved
[INFO ] 2022-06-09 16:17:50.598 [main] Log - Successfully started
[INFO ] 2022-06-09 16:17:55.948 [main] Log - Started successfully
[INFO ] 2022-06-09 16:18:12.050 [main] Log - Verifying page title
[INFO ] 2022-06-09 16:18:14.104 [main] Log - Allocation Engine
[INFO ] 2022-06-09 16:18:17.597 [main] Log - Successfully started
[INFO ] 2022-06-09 16:18:18.040 [main] Log - Successfully started
[INFO ] 2022-06-09 16:18:19.666 [main] Log - Clicking on Nominate button
[INFO ] 2022-06-09 16:18:20.558 [main] Log - Screenshot saved
[INFO ] 2022-06-09 16:19:25.889 [main] Log - Successfully started
[INFO ] 2022-06-09 16:19:30.591 [main] Log - Started successfully
[INFO ] 2022-06-09 16:19:46.810 [main] Log - Verifying page title
[INFO ] 2022-06-09 16:19:46.822 [main] Log - Allocation Engine
[INFO ] 2022-06-09 16:19:50.153 [main] Log - Successfully started
[INFO ] 2022-06-09 16:19:50.459 [main] Log - Successfully started
[INFO ] 2022-06-09 16:19:51.709 [main] Log - Clicking on Nominate button
[INFO ] 2022-06-09 16:19:52.610 [main] Log - Screenshot saved
[INFO ] 2022-06-09 16:21:02.994 [main] Log - Successfully started
[INFO ] 2022-06-09 16:21:07.513 [main] Log - Started successfully
[INFO ] 2022-06-09 16:21:23.929 [main] Log - Verifying page title
[INFO ] 2022-06-09 16:21:23.941 [main] Log - Allocation Engine
[INFO ] 2022-06-09 16:21:27.670 [main] Log - Successfully started
[INFO ] 2022-06-09 16:21:28.104 [main] Log - Successfully started
[INFO ] 2022-06-09 16:21:29.479 [main] Log - Clicking on Nominate button
[INFO ] 2022-06-09 16:21:30.519 [main] Log - Screenshot saved
[INFO ] 2022-06-09 16:23:42.207 [main] Log - Successfully started
[INFO ] 2022-06-09 16:23:46.829 [main] Log - Started successfully
[INFO ] 2022-06-09 16:24:03.596 [main] Log - Verifying page title
[INFO ] 2022-06-09 16:24:03.607 [main] Log - Allocation Engine
[INFO ] 2022-06-09 16:24:07.779 [main] Log - Successfully started
[INFO ] 2022-06-09 16:24:07.988 [main] Log - Successfully started
[INFO ] 2022-06-09 16:24:09.065 [main] Log - Clicking on Nominate button
[INFO ] 2022-06-09 16:24:09.840 [main] Log - Screenshot saved
[INFO ] 2022-06-09 16:26:55.856 [main] Log - Successfully started
[INFO ] 2022-06-09 16:27:00.497 [main] Log - Started successfully
[INFO ] 2022-06-09 16:27:16.782 [main] Log - Verifying page title
[INFO ] 2022-06-09 16:27:16.811 [main] Log - Allocation Engine
[INFO ] 2022-06-09 16:27:20.876 [main] Log - Successfully started
[INFO ] 2022-06-09 16:27:21.176 [main] Log - Successfully started
[INFO ] 2022-06-09 16:27:22.420 [main] Log - Clicking on Nominate button
[INFO ] 2022-06-09 16:27:23.306 [main] Log - Screenshot saved
[INFO ] 2022-06-09 16:28:45.907 [main] Log - Successfully started
[INFO ] 2022-06-09 16:28:50.445 [main] Log - Started successfully
[INFO ] 2022-06-09 16:29:06.609 [main] Log - Verifying page title
[INFO ] 2022-06-09 16:29:06.620 [main] Log - Allocation Engine
[INFO ] 2022-06-09 16:29:09.950 [main] Log - Successfully started
[INFO ] 2022-06-09 16:29:10.298 [main] Log - Successfully started
[INFO ] 2022-06-09 16:29:12.235 [main] Log - Clicking on Nominate button
[INFO ] 2022-06-09 16:29:13.106 [main] Log - Screenshot saved
[INFO ] 2022-06-09 16:31:21.997 [main] Log - Successfully started
[INFO ] 2022-06-09 16:31:26.442 [main] Log - Started successfully
[INFO ] 2022-06-09 16:31:42.874 [main] Log - Verifying page title
[INFO ] 2022-06-09 16:31:42.888 [main] Log - Allocation Engine
[INFO ] 2022-06-09 16:31:46.614 [main] Log - Successfully started
[INFO ] 2022-06-09 16:31:47.009 [main] Log - Successfully started
[INFO ] 2022-06-09 16:31:48.183 [main] Log - Clicking on Nominate button
[INFO ] 2022-06-09 16:31:49.042 [main] Log - Screenshot saved
[INFO ] 2022-06-09 16:32:28.172 [main] Log - Successfully started
[INFO ] 2022-06-09 16:32:32.661 [main] Log - Started successfully
[INFO ] 2022-06-09 16:32:49.152 [main] Log - Verifying page title
[INFO ] 2022-06-09 16:32:49.163 [main] Log - Allocation Engine
[INFO ] 2022-06-09 16:32:52.623 [main] Log - Successfully started
[INFO ] 2022-06-09 16:32:53.042 [main] Log - Successfully started
[INFO ] 2022-06-09 16:32:54.268 [main] Log - Clicking on Nominate button
[INFO ] 2022-06-09 16:32:55.074 [main] Log - Screenshot saved
[INFO ] 2022-06-09 16:33:49.642 [main] Log - Successfully started
[INFO ] 2022-06-09 16:33:54.229 [main] Log - Started successfully
[INFO ] 2022-06-09 16:34:10.556 [main] Log - Verifying page title
[INFO ] 2022-06-09 16:34:10.567 [main] Log - Allocation Engine
[INFO ] 2022-06-09 16:34:14.225 [main] Log - Successfully started
[INFO ] 2022-06-09 16:34:14.484 [main] Log - Successfully started
[INFO ] 2022-06-09 16:34:15.567 [main] Log - Clicking on Nominate button
[INFO ] 2022-06-09 16:34:21.111 [main] Log - Adding a Hasher
[INFO ] 2022-06-09 16:34:37.511 [main] Log - Clicking on Nominate button
[INFO ] 2022-06-09 16:34:47.172 [main] Log - Adding a Hasher
[INFO ] 2022-06-09 16:35:54.540 [main] Log - Successfully started
[INFO ] 2022-06-09 16:35:59.127 [main] Log - Started successfully
[INFO ] 2022-06-09 16:36:15.721 [main] Log - Verifying page title
[INFO ] 2022-06-09 16:36:15.733 [main] Log - Allocation Engine
[INFO ] 2022-06-09 16:36:19.267 [main] Log - Successfully started
[INFO ] 2022-06-09 16:36:19.679 [main] Log - Successfully started
[INFO ] 2022-06-09 16:36:29.690 [main] Log - Screenshot saved
[INFO ] 2022-06-09 16:37:03.413 [main] Log - Successfully started
[INFO ] 2022-06-09 16:37:08.045 [main] Log - Started successfully
[INFO ] 2022-06-09 16:37:24.014 [main] Log - Verifying page title
[INFO ] 2022-06-09 16:37:24.026 [main] Log - Allocation Engine
[INFO ] 2022-06-09 16:37:27.464 [main] Log - Successfully started
[INFO ] 2022-06-09 16:37:27.693 [main] Log - Successfully started
[INFO ] 2022-06-09 16:37:28.766 [main] Log - Clicking on Nominate button
[INFO ] 2022-06-09 16:37:34.180 [main] Log - Adding a Hasher
[INFO ] 2022-06-09 16:37:45.112 [main] Log - Clicking on Nominate button
[INFO ] 2022-06-09 16:37:54.566 [main] Log - Adding a Hasher
[INFO ] 2022-06-09 16:40:17.045 [main] Log - Successfully started
[INFO ] 2022-06-09 16:40:21.207 [main] Log - Started successfully
[INFO ] 2022-06-09 16:40:37.241 [main] Log - Verifying page title
[INFO ] 2022-06-09 16:40:37.253 [main] Log - Allocation Engine
[INFO ] 2022-06-09 16:40:40.933 [main] Log - Successfully started
[INFO ] 2022-06-09 16:40:41.280 [main] Log - Successfully started
[INFO ] 2022-06-09 16:40:50.290 [main] Log - Screenshot saved
[INFO ] 2022-06-09 16:42:25.261 [main] Log - Successfully started
[INFO ] 2022-06-09 16:42:29.974 [main] Log - Started successfully
[INFO ] 2022-06-09 16:42:46.201 [main] Log - Verifying page title
[INFO ] 2022-06-09 16:42:46.212 [main] Log - Allocation Engine
[INFO ] 2022-06-09 16:42:49.711 [main] Log - Successfully started
[INFO ] 2022-06-09 16:42:49.950 [main] Log - Successfully started
[INFO ] 2022-06-09 16:42:51.094 [main] Log - Clicking on Nominate button
[INFO ] 2022-06-09 16:42:56.560 [main] Log - Adding a Hasher
[INFO ] 2022-06-09 16:43:07.583 [main] Log - Clicking on Nominate button
[INFO ] 2022-06-09 16:43:17.256 [main] Log - Adding a Hasher
[INFO ] 2022-06-09 16:45:04.518 [main] Log - Successfully started
[INFO ] 2022-06-09 16:45:08.995 [main] Log - Started successfully
[INFO ] 2022-06-09 16:45:25.146 [main] Log - Verifying page title
[INFO ] 2022-06-09 16:45:25.301 [main] Log - Sign in to your account
[INFO ] 2022-06-09 16:45:26.646 [main] Log - Screenshot saved
[INFO ] 2022-06-09 16:45:26.647 [main] Log - Successfully started
[INFO ] 2022-06-09 16:45:28.384 [main] Log - Successfully started
[INFO ] 2022-06-09 16:46:15.264 [main] Log - Successfully started
[INFO ] 2022-06-09 16:46:19.732 [main] Log - Started successfully
[INFO ] 2022-06-09 16:46:35.692 [main] Log - Verifying page title
[INFO ] 2022-06-09 16:46:38.930 [main] Log - Allocation Engine
[INFO ] 2022-06-09 16:46:42.326 [main] Log - Successfully started
[INFO ] 2022-06-09 16:46:42.688 [main] Log - Successfully started
[INFO ] 2022-06-09 16:46:44.183 [main] Log - Clicking on Nominate button
[INFO ] 2022-06-09 16:46:49.627 [main] Log - Adding a Hasher
[INFO ] 2022-06-09 16:46:52.458 [main] Log - Clicking on Nominate button
[INFO ] 2022-06-09 16:46:53.447 [main] Log - Screenshot saved
[INFO ] 2022-06-09 16:48:26.145 [main] Log - Successfully started
[INFO ] 2022-06-09 16:48:30.694 [main] Log - Started successfully
[INFO ] 2022-06-09 16:48:47.155 [main] Log - Verifying page title
[INFO ] 2022-06-09 16:48:49.965 [main] Log - Allocation Engine
[INFO ] 2022-06-09 16:48:53.538 [main] Log - Successfully started
[INFO ] 2022-06-09 16:48:53.934 [main] Log - Successfully started
[INFO ] 2022-06-09 16:48:55.069 [main] Log - Clicking on Nominate button
[INFO ] 2022-06-09 16:49:00.746 [main] Log - Adding a Hasher
[INFO ] 2022-06-09 16:49:04.612 [main] Log - Clicking on Nominate button
[INFO ] 2022-06-09 16:49:05.753 [main] Log - Screenshot saved
[INFO ] 2022-06-09 16:51:51.219 [main] Log - Successfully started
[INFO ] 2022-06-09 16:51:55.848 [main] Log - Started successfully
[INFO ] 2022-06-09 16:52:13.170 [main] Log - Verifying page title
[INFO ] 2022-06-09 16:52:13.183 [main] Log - Allocation Engine
[INFO ] 2022-06-09 16:52:16.719 [main] Log - Successfully started
[INFO ] 2022-06-09 16:52:17.096 [main] Log - Successfully started
[INFO ] 2022-06-09 16:52:18.190 [main] Log - Clicking on Nominate button
[INFO ] 2022-06-09 16:52:23.774 [main] Log - Adding a Hasher
[INFO ] 2022-06-09 16:52:26.767 [main] Log - Clicking on Nominate button
[INFO ] 2022-06-09 16:52:27.556 [main] Log - Adding a Hasher
[INFO ] 2022-06-09 16:53:29.871 [main] Log - Successfully started
[INFO ] 2022-06-09 16:53:34.611 [main] Log - Started successfully
[INFO ] 2022-06-09 16:53:50.929 [main] Log - Verifying page title
[INFO ] 2022-06-09 16:53:50.938 [main] Log - Allocation Engine
[INFO ] 2022-06-09 16:53:54.603 [main] Log - Successfully started
[INFO ] 2022-06-09 16:53:55.124 [main] Log - Successfully started
[INFO ] 2022-06-09 16:54:05.070 [main] Log - Screenshot saved
[INFO ] 2022-06-09 16:54:34.003 [main] Log - Successfully started
[INFO ] 2022-06-09 16:54:38.669 [main] Log - Started successfully
[INFO ] 2022-06-09 16:54:54.903 [main] Log - Verifying page title
[INFO ] 2022-06-09 16:54:54.919 [main] Log - Allocation Engine
[INFO ] 2022-06-09 16:54:58.656 [main] Log - Successfully started
[INFO ] 2022-06-09 16:54:59.151 [main] Log - Successfully started
[INFO ] 2022-06-09 16:55:00.733 [main] Log - Clicking on Nominate button
[INFO ] 2022-06-09 16:55:01.371 [main] Log - Screenshot saved
[INFO ] 2022-06-09 16:55:53.660 [main] Log - Successfully started
[INFO ] 2022-06-09 16:55:58.343 [main] Log - Started successfully
[INFO ] 2022-06-09 16:56:14.783 [main] Log - Verifying page title
[INFO ] 2022-06-09 16:56:17.079 [main] Log - Allocation Engine
[INFO ] 2022-06-09 16:56:20.783 [main] Log - Successfully started
[INFO ] 2022-06-09 16:56:21.254 [main] Log - Successfully started
[INFO ] 2022-06-09 16:56:22.516 [main] Log - Clicking on Nominate button
[INFO ] 2022-06-09 16:56:23.491 [main] Log - Screenshot saved
[INFO ] 2022-06-09 16:57:02.925 [main] Log - Successfully started
[INFO ] 2022-06-09 16:57:07.934 [main] Log - Started successfully
[INFO ] 2022-06-09 16:57:25.197 [main] Log - Verifying page title
[INFO ] 2022-06-09 16:57:27.806 [main] Log - Allocation Engine
[INFO ] 2022-06-09 16:57:31.182 [main] Log - Successfully started
[INFO ] 2022-06-09 16:57:31.604 [main] Log - Successfully started
[INFO ] 2022-06-09 16:57:33.014 [main] Log - Clicking on Nominate button
[INFO ] 2022-06-09 16:57:37.498 [main] Log - Adding a Hasher
[INFO ] 2022-06-09 16:57:40.398 [main] Log - Clicking on Nominate button
[INFO ] 2022-06-09 16:57:41.269 [main] Log - Screenshot saved
[INFO ] 2022-06-09 17:00:38.086 [main] Log - Successfully started
[INFO ] 2022-06-09 17:00:42.678 [main] Log - Started successfully
[INFO ] 2022-06-09 17:00:59.953 [main] Log - Verifying page title
[INFO ] 2022-06-09 17:01:02.789 [main] Log - Allocation Engine
[INFO ] 2022-06-09 17:01:06.237 [main] Log - Successfully started
[INFO ] 2022-06-09 17:01:06.572 [main] Log - Successfully started
[INFO ] 2022-06-09 17:01:08.437 [main] Log - Clicking on Nominate button
[INFO ] 2022-06-09 17:01:12.995 [main] Log - Adding a Hasher
[INFO ] 2022-06-09 17:01:16.129 [main] Log - Clicking on Nominate button
[INFO ] 2022-06-09 17:01:18.691 [main] Log - Adding a Hasher
[INFO ] 2022-06-09 17:10:24.326 [main] Log - Successfully started
[INFO ] 2022-06-09 17:10:28.954 [main] Log - Started successfully
[INFO ] 2022-06-09 17:10:45.021 [main] Log - Verifying page title
[INFO ] 2022-06-09 17:10:45.032 [main] Log - Allocation Engine
[INFO ] 2022-06-09 17:10:48.448 [main] Log - Successfully started
[INFO ] 2022-06-09 17:10:49.038 [main] Log - Successfully started
[INFO ] 2022-06-09 17:10:49.690 [main] Log - Successfully started
[INFO ] 2022-06-09 17:44:46.779 [main] Log - Successfully started
[INFO ] 2022-06-09 17:44:51.846 [main] Log - Started successfully
[INFO ] 2022-06-09 17:44:59.008 [main] Log - Successfully started
[INFO ] 2022-06-09 17:44:59.320 [main] Log - Successfully started
[INFO ] 2022-06-09 17:44:59.527 [main] Log - Successfully started
[INFO ] 2022-06-09 18:17:29.142 [main] Log - Successfully started
[INFO ] 2022-06-09 18:17:33.260 [main] Log - Started successfully
[INFO ] 2022-06-09 18:17:38.871 [main] Log - Successfully started
[INFO ] 2022-06-09 18:17:39.040 [main] Log - Successfully started
[INFO ] 2022-06-09 18:17:39.210 [main] Log - Successfully started
[INFO ] 2022-06-09 18:19:22.537 [main] Log - Successfully started
[INFO ] 2022-06-09 18:19:26.544 [main] Log - Started successfully
[INFO ] 2022-06-09 18:19:32.472 [main] Log - Successfully started
[INFO ] 2022-06-09 18:19:32.671 [main] Log - Successfully started
[INFO ] 2022-06-09 18:19:32.867 [main] Log - Successfully started
[INFO ] 2022-06-09 18:20:45.277 [main] Log - Screenshot saved
[INFO ] 2022-06-09 18:21:49.604 [main] Log - Successfully started
[INFO ] 2022-06-09 18:21:53.986 [main] Log - Started successfully
[INFO ] 2022-06-09 18:21:59.549 [main] Log - Successfully started
[INFO ] 2022-06-09 18:21:59.737 [main] Log - Successfully started
[INFO ] 2022-06-09 18:22:14.034 [main] Log - Clicking on Nominate button
[INFO ] 2022-06-09 18:22:18.331 [main] Log - Adding a Hasher
[INFO ] 2022-06-09 18:22:20.907 [main] Log - Clicking on Nominate button
[INFO ] 2022-06-09 18:22:23.206 [main] Log - Adding a Hasher
[INFO ] 2022-06-09 18:28:32.538 [main] Log - Successfully started
[INFO ] 2022-06-09 18:30:12.237 [main] Log - Successfully started
[INFO ] 2022-06-09 18:31:11.754 [main] Log - Successfully started
[INFO ] 2022-06-09 18:31:16.185 [main] Log - Started successfully
[INFO ] 2022-06-09 18:31:22.271 [main] Log - Successfully started
[INFO ] 2022-06-09 18:31:22.433 [main] Log - Successfully started
[INFO ] 2022-06-09 18:31:36.178 [main] Log - Clicking on Nominate button
[INFO ] 2022-06-09 18:31:40.499 [main] Log - Adding a Hasher
[INFO ] 2022-06-09 18:31:43.028 [main] Log - Clicking on Nominate button
[INFO ] 2022-06-09 18:31:45.269 [main] Log - Adding a Hasher
[INFO ] 2022-06-09 18:35:54.063 [main] Log - Successfully started
[INFO ] 2022-06-09 18:37:07.698 [main] Log - Screenshot saved
[INFO ] 2022-06-09 19:58:28.182 [main] Log - Successfully started
[INFO ] 2022-06-09 19:58:32.409 [main] Log - Started successfully
[INFO ] 2022-06-09 19:58:38.330 [main] Log - Successfully started
[INFO ] 2022-06-09 19:58:38.607 [main] Log - Successfully started
[INFO ] 2022-06-09 19:58:56.941 [main] Log - Clicking on Nominate button
[INFO ] 2022-06-09 19:59:01.308 [main] Log - Adding a Hasher
[INFO ] 2022-06-09 19:59:04.166 [main] Log - Clicking on Nominate button
[INFO ] 2022-06-09 19:59:06.431 [main] Log - Adding a Hasher
[INFO ] 2022-06-09 20:03:26.383 [main] Log - Successfully started
[INFO ] 2022-06-09 20:04:28.229 [main] Log - Screenshot saved
[INFO ] 2022-06-09 20:10:36.507 [main] Log - Successfully started
[INFO ] 2022-06-09 20:10:43.738 [main] Log - Started successfully
[INFO ] 2022-06-09 20:10:51.007 [main] Log - Successfully started
[INFO ] 2022-06-09 20:10:51.209 [main] Log - Successfully started
[INFO ] 2022-06-09 20:11:06.781 [main] Log - Clicking on Nominate button
[INFO ] 2022-06-09 20:11:11.428 [main] Log - Adding a Hasher
[INFO ] 2022-06-09 20:11:14.439 [main] Log - Clicking on Nominate button
[INFO ] 2022-06-09 20:11:16.993 [main] Log - Adding a Hasher
[INFO ] 2022-06-09 20:15:54.066 [main] Log - Successfully started
[INFO ] 2022-06-09 20:15:54.091 [main] Log - Opening Allocation POD
[INFO ] 2022-06-09 20:15:54.491 [main] Log - Opening first role
[INFO ] 2022-06-09 20:17:01.192 [main] Log - Successfully started
[INFO ] 2022-06-09 20:17:05.957 [main] Log - Started successfully
[INFO ] 2022-06-09 20:17:13.192 [main] Log - Successfully started
[INFO ] 2022-06-09 20:17:13.568 [main] Log - Successfully started
[INFO ] 2022-06-09 20:17:13.875 [main] Log - Successfully started
[INFO ] 2022-06-09 20:17:13.890 [main] Log - Opening Allocation POD
[INFO ] 2022-06-09 20:17:29.027 [main] Log - Opening first role
[INFO ] 2022-06-09 20:19:02.055 [main] Log - Successfully started
[INFO ] 2022-06-09 20:19:07.094 [main] Log - Started successfully
[INFO ] 2022-06-09 20:19:13.404 [main] Log - Successfully started
[INFO ] 2022-06-09 20:19:13.749 [main] Log - Successfully started
[INFO ] 2022-06-09 20:19:13.946 [main] Log - Successfully started
[INFO ] 2022-06-09 20:19:30.223 [main] Log - Opening Allocation POD
[INFO ] 2022-06-09 20:19:31.502 [main] Log - Opening first role
[INFO ] 2022-06-09 20:21:06.783 [main] Log - Successfully started
[INFO ] 2022-06-09 20:21:11.644 [main] Log - Started successfully
[INFO ] 2022-06-09 20:21:18.992 [main] Log - Successfully started
[INFO ] 2022-06-09 20:21:19.444 [main] Log - Successfully started
[INFO ] 2022-06-09 20:21:19.711 [main] Log - Successfully started
[INFO ] 2022-06-09 20:21:31.842 [main] Log - Opening Allocation POD
[INFO ] 2022-06-09 20:21:33.087 [main] Log - Opening first role
[INFO ] 2022-06-09 20:23:46.367 [main] Log - Successfully started
[INFO ] 2022-06-09 20:23:50.926 [main] Log - Started successfully
[INFO ] 2022-06-09 20:23:58.168 [main] Log - Successfully started
[INFO ] 2022-06-09 20:23:58.564 [main] Log - Successfully started
[INFO ] 2022-06-09 20:24:11.507 [main] Log - Opening Allocation POD
[INFO ] 2022-06-09 20:24:12.208 [main] Log - Opening first role
[INFO ] 2022-06-09 20:25:00.936 [main] Log - Successfully started
[INFO ] 2022-06-09 20:25:05.491 [main] Log - Started successfully
[INFO ] 2022-06-09 20:25:12.304 [main] Log - Successfully started
[INFO ] 2022-06-09 20:25:12.637 [main] Log - Successfully started
[INFO ] 2022-06-09 20:25:25.795 [main] Log - Opening Allocation POD
[INFO ] 2022-06-09 20:25:26.974 [main] Log - Opening first role
[INFO ] 2022-06-09 20:27:33.732 [main] Log - Successfully started
[INFO ] 2022-06-09 20:27:39.994 [main] Log - Started successfully
[INFO ] 2022-06-09 20:27:46.595 [main] Log - Successfully started
[INFO ] 2022-06-09 20:27:46.842 [main] Log - Successfully started
[INFO ] 2022-06-09 20:28:02.402 [main] Log - Clicking on Nominate button
[INFO ] 2022-06-09 20:28:07.174 [main] Log - Adding a Hasher
[INFO ] 2022-06-09 20:28:11.340 [main] Log - Screenshot saved
[INFO ] 2022-06-09 20:28:11.340 [main] Log - Successfully started
[INFO ] 2022-06-09 20:28:14.419 [main] Log - Opening Allocation POD
[INFO ] 2022-06-09 20:28:15.801 [main] Log - Screenshot saved
[INFO ] 2022-06-09 20:28:43.621 [main] Log - Successfully started
[INFO ] 2022-06-09 20:28:47.955 [main] Log - Started successfully
[INFO ] 2022-06-09 20:28:54.213 [main] Log - Successfully started
[INFO ] 2022-06-09 20:28:54.471 [main] Log - Successfully started
[INFO ] 2022-06-09 20:29:11.534 [main] Log - Clicking on Nominate button
[INFO ] 2022-06-09 20:29:16.432 [main] Log - Adding a Hasher
[INFO ] 2022-06-09 20:29:19.854 [main] Log - Clicking on Nominate button
[INFO ] 2022-06-09 20:29:22.455 [main] Log - Adding a Hasher
[INFO ] 2022-06-09 20:33:49.435 [main] Log - Successfully started
[INFO ] 2022-06-09 20:33:52.505 [main] Log - Opening Allocation POD
[INFO ] 2022-06-09 20:33:52.788 [main] Log - Opening first role
[INFO ] 2022-06-09 20:36:31.971 [main] Log - Successfully started
[INFO ] 2022-06-09 20:36:36.584 [main] Log - Started successfully
[INFO ] 2022-06-09 20:36:43.586 [main] Log - Successfully started
[INFO ] 2022-06-09 20:36:43.980 [main] Log - Successfully started
[INFO ] 2022-06-09 20:36:44.251 [main] Log - Successfully started
[INFO ] 2022-06-09 20:36:59.082 [main] Log - Opening Allocation POD
[INFO ] 2022-06-09 20:37:00.166 [main] Log - Opening first role
[INFO ] 2022-06-09 20:37:54.888 [main] Log - Successfully started
[INFO ] 2022-06-09 20:37:59.583 [main] Log - Started successfully
[INFO ] 2022-06-09 20:38:08.174 [main] Log - Successfully started
[INFO ] 2022-06-09 20:38:08.176 [main] Log - Verifying Open Pods tab
[INFO ] 2022-06-09 20:38:25.067 [main] Log - Verifying Closed Pods tab
[INFO ] 2022-06-09 20:38:25.109 [main] Log - Verifying Upcoming Pods tab
[INFO ] 2022-06-09 20:38:25.145 [main] Log - Checking Most recently updated pod is displayed
[INFO ] 2022-06-09 20:38:25.795 [main] Log - Most recent pod Name
[INFO ] 2022-06-09 20:38:30.796 [main] Log - Check AO is able to see and toggle between the 2 Tabs - Allocations , My Nominations in the AE
[INFO ] 2022-06-09 20:38:31.028 [main] Log - Allocations
[INFO ] 2022-06-09 20:38:31.069 [main] Log - My Nominations
[INFO ] 2022-06-09 20:38:31.924 [main] Log - Successfully started
[INFO ] 2022-06-09 20:38:32.583 [main] Log - Successfully started
[INFO ] 2022-06-09 20:39:19.274 [main] Log - Successfully started
[INFO ] 2022-06-09 20:39:23.854 [main] Log - Started successfully
[INFO ] 2022-06-09 20:39:31.718 [main] Log - Successfully started
[INFO ] 2022-06-09 20:39:31.719 [main] Log - Verifying Open Pods tab
[INFO ] 2022-06-09 20:39:49.462 [main] Log - Verifying Closed Pods tab
[INFO ] 2022-06-09 20:39:49.527 [main] Log - Verifying Upcoming Pods tab
[INFO ] 2022-06-09 20:39:49.583 [main] Log - Checking Most recently updated pod is displayed
[INFO ] 2022-06-09 20:39:50.403 [main] Log - Most recent pod Name
[INFO ] 2022-06-09 20:39:55.412 [main] Log - Check AO is able to see and toggle between the 2 Tabs - Allocations , My Nominations in the AE
[INFO ] 2022-06-09 20:39:55.792 [main] Log - 
[INFO ] 2022-06-09 20:39:56.277 [main] Log - Screenshot saved
[INFO ] 2022-06-09 20:39:56.278 [main] Log - Successfully started
[INFO ] 2022-06-09 20:39:56.555 [main] Log - Successfully started
[INFO ] 2022-06-09 20:39:59.626 [main] Log - Opening Allocation POD
[INFO ] 2022-06-09 20:40:14.083 [main] Log - Opening first role
[INFO ] 2022-06-09 20:42:44.984 [main] Log - Successfully started
[INFO ] 2022-06-09 20:42:49.581 [main] Log - Started successfully
[INFO ] 2022-06-09 20:42:56.262 [main] Log - Successfully started
[INFO ] 2022-06-09 20:42:56.512 [main] Log - Successfully started
[INFO ] 2022-06-09 20:42:56.829 [main] Log - Successfully started
[INFO ] 2022-06-09 20:43:10.059 [main] Log - Opening Allocation POD
[INFO ] 2022-06-09 20:43:11.352 [main] Log - Opening first role
[INFO ] 2022-06-09 20:44:23.386 [main] Log - Started successfully
[INFO ] 2022-06-09 20:44:42.283 [main] Log - Opening Allocation POD
[INFO ] 2022-06-09 20:44:43.095 [main] Log - Opening first role
[INFO ] 2022-06-09 20:46:50.225 [main] Log - Started successfully
[INFO ] 2022-06-09 20:47:09.866 [main] Log - Opening Allocation POD
[INFO ] 2022-06-09 20:47:10.429 [main] Log - Opening first role
[INFO ] 2022-06-09 20:49:02.271 [main] Log - Started successfully
[INFO ] 2022-06-09 20:49:22.374 [main] Log - Opening Allocation POD
[INFO ] 2022-06-09 20:49:23.363 [main] Log - Opening first role
[INFO ] 2022-06-09 20:50:01.165 [main] Log - Started successfully
[INFO ] 2022-06-09 20:50:20.725 [main] Log - Opening Allocation POD
[INFO ] 2022-06-09 20:50:21.496 [main] Log - Opening first role
[INFO ] 2022-06-09 20:51:56.742 [main] Log - Started successfully
[INFO ] 2022-06-09 20:52:15.922 [main] Log - Opening Allocation POD
[INFO ] 2022-06-09 20:52:16.639 [main] Log - Opening first role
[INFO ] 2022-06-09 20:52:17.788 [main] Log - Opening ddl
[INFO ] 2022-06-09 22:54:26.770 [main] Log - Successfully started
[INFO ] 2022-06-09 22:54:27.061 [main] Log - Successfully started
[INFO ] 2022-06-09 22:54:27.227 [main] Log - Successfully started
[INFO ] 2022-06-09 22:54:27.412 [main] Log - Successfully started
[INFO ] 2022-06-09 22:54:32.515 [main] Log - Started successfully
[INFO ] 2022-06-09 22:55:18.867 [main] Log - Screenshot saved
[INFO ] 2022-06-09 22:55:35.959 [main] Log - Successfully started
[INFO ] 2022-06-09 22:55:36.096 [main] Log - Successfully started
[INFO ] 2022-06-09 22:55:36.221 [main] Log - Successfully started
[INFO ] 2022-06-09 22:55:36.334 [main] Log - Successfully started
[INFO ] 2022-06-09 22:55:40.754 [main] Log - Started successfully
[INFO ] 2022-06-09 22:56:21.377 [main] Log - Screenshot saved
[INFO ] 2022-06-09 22:57:07.198 [main] Log - Successfully started
[INFO ] 2022-06-09 22:57:07.332 [main] Log - Successfully started
[INFO ] 2022-06-09 22:57:07.453 [main] Log - Successfully started
[INFO ] 2022-06-09 22:57:07.564 [main] Log - Successfully started
[INFO ] 2022-06-09 22:57:20.474 [main] Log - Started successfully
[INFO ] 2022-06-09 23:10:11.820 [main] Log - Successfully started
[INFO ] 2022-06-09 23:10:11.970 [main] Log - Successfully started
[INFO ] 2022-06-09 23:10:12.082 [main] Log - Successfully started
[INFO ] 2022-06-09 23:10:12.197 [main] Log - Successfully started
[INFO ] 2022-06-09 23:10:16.652 [main] Log - Started successfully
[INFO ] 2022-06-09 23:15:48.298 [main] Log - Successfully started
[INFO ] 2022-06-09 23:15:48.456 [main] Log - Successfully started
[INFO ] 2022-06-09 23:15:48.581 [main] Log - Successfully started
[INFO ] 2022-06-09 23:15:48.689 [main] Log - Successfully started
[INFO ] 2022-06-09 23:15:53.138 [main] Log - Started successfully
[INFO ] 2022-06-09 23:20:03.425 [main] Log - Successfully started
[INFO ] 2022-06-09 23:20:03.580 [main] Log - Successfully started
[INFO ] 2022-06-09 23:20:03.692 [main] Log - Successfully started
[INFO ] 2022-06-09 23:20:03.814 [main] Log - Successfully started
[INFO ] 2022-06-09 23:20:08.229 [main] Log - Started successfully
[INFO ] 2022-06-09 23:21:06.290 [main] Log - Blake Mills
